Logfile initialized
[INFO] logfile = /home/andreas/Titanium Studio Workspace/gasgas/build.log
[DEBUG] /home/andreas/.titanium/mobilesdk/linux/1.7.1/android/builder.py install gasgas /home/andreas/opt/android-sdk-linux_x86 /home/andreas/Titanium Studio Workspace/gasgas de.binarythinking.gasgas 3
[INFO] Titanium SDK version: 1.7.1 (06/21/11 14:28 1293a6d)
[DEBUG] Waiting for device to be ready ...
[TRACE] adb devices returned 2 devices/emulators
[DEBUG] Device connected... (waited 0 seconds)
[DEBUG] waited 0.004407 seconds on emulator to get ready
[DEBUG] de.binarythinking.gasgas installed? False
[INFO] Copying project resources..
[INFO] Tiapp.xml unchanged, skipping class generation
[DEBUG] Processing Android resource drawables
[DEBUG] creating unsigned apk: /home/andreas/Titanium Studio Workspace/gasgas/build/android/bin/app-unsigned.apk
[DEBUG] from resource zip => assets/Resources/app.js
[DEBUG] from resource zip => assets/Resources/appicon.png
[DEBUG] from resource zip => assets/Resources/default.png
[DEBUG] from resource zip => assets/tiapp.xml
[DEBUG] from resource zip => res/drawable/appicon.png
[DEBUG] from resource zip => res/drawable/background.png
[DEBUG] from resource zip => res/layout/titanium_tabgroup.xml
[DEBUG] from resource zip => AndroidManifest.xml
[DEBUG] from resource zip => resources.arsc
[DEBUG] from JAR /home/andreas/.titanium/mobilesdk/linux/1.7.1/android/titanium.jar => org/apache/Commons-NOTICE.txt
[DEBUG] from JAR /home/andreas/.titanium/mobilesdk/linux/1.7.1/android/titanium.jar => org/apache/HttpComponents-NOTICE.txt
[DEBUG] from JAR /home/andreas/.titanium/mobilesdk/linux/1.7.1/android/titanium.jar => org/apache/mime4j-NOTICE.txt
[DEBUG] from JAR /home/andreas/.titanium/mobilesdk/linux/1.7.1/android/titanium.jar => org/appcelerator/titanium/build.properties
[DEBUG] from JAR /home/andreas/.titanium/mobilesdk/linux/1.7.1/android/titanium.jar => org/appcelerator/titanium/res/drawable/background.png
[DEBUG] from JAR /home/andreas/.titanium/mobilesdk/linux/1.7.1/android/titanium.jar => org/appcelerator/titanium/res/drawable/btn_check_buttonless_on.png
[DEBUG] from JAR /home/andreas/.titanium/mobilesdk/linux/1.7.1/android/titanium.jar => org/appcelerator/titanium/res/drawable/btn_check_buttonless_on_18.png
[DEBUG] from JAR /home/andreas/.titanium/mobilesdk/linux/1.7.1/android/titanium.jar => org/appcelerator/titanium/res/drawable/btn_check_buttonless_on_48.png
[DEBUG] from JAR /home/andreas/.titanium/mobilesdk/linux/1.7.1/android/titanium.jar => org/appcelerator/titanium/res/drawable/btn_more.png
[DEBUG] from JAR /home/andreas/.titanium/mobilesdk/linux/1.7.1/android/titanium.jar => org/appcelerator/titanium/res/drawable/btn_more_18.png
[DEBUG] from JAR /home/andreas/.titanium/mobilesdk/linux/1.7.1/android/titanium.jar => org/appcelerator/titanium/res/drawable/btn_more_48.png
[DEBUG] from JAR /home/andreas/.titanium/mobilesdk/linux/1.7.1/android/titanium.jar => org/appcelerator/titanium/res/drawable/btn_picker_normal.9.png
[DEBUG] from JAR /home/andreas/.titanium/mobilesdk/linux/1.7.1/android/titanium.jar => org/appcelerator/titanium/res/drawable/btn_picker_pressed.9.png
[DEBUG] from JAR /home/andreas/.titanium/mobilesdk/linux/1.7.1/android/titanium.jar => org/appcelerator/titanium/res/drawable/btn_picker_selected.9.png
[DEBUG] from JAR /home/andreas/.titanium/mobilesdk/linux/1.7.1/android/titanium.jar => org/appcelerator/titanium/res/drawable/default_icon.png
[DEBUG] from JAR /home/andreas/.titanium/mobilesdk/linux/1.7.1/android/titanium.jar => org/appcelerator/titanium/res/drawable/photoDefault.png
[DEBUG] from JAR /home/andreas/.titanium/mobilesdk/linux/1.7.1/android/modules/titanium-ui.jar => ti/modules/titanium/ui/widget/webview/binding.js
[DEBUG] from JAR /home/andreas/.titanium/mobilesdk/linux/1.7.1/android/modules/titanium-ui.jar => ti/modules/titanium/ui/widget/webview/binding.min.js
[DEBUG] from JAR /home/andreas/.titanium/mobilesdk/linux/1.7.1/android/modules/titanium-ui.jar => ti/modules/titanium/ui/widget/webview/json2.js
[DEBUG] from JAR /home/andreas/.titanium/mobilesdk/linux/1.7.1/android/smalljs.jar => org/mozilla/javascript/resources/Messages.properties
[DEBUG] from JAR /home/andreas/.titanium/mobilesdk/linux/1.7.1/android/smalljs.jar => org/mozilla/javascript/resources/Messages_fr.properties
[DEBUG] Waiting for device to be ready ...
[TRACE] adb devices returned 2 devices/emulators
[DEBUG] Device connected... (waited 0 seconds)
[DEBUG] waited 0.004868 seconds on emulator to get ready
[INFO] Installing application on emulator
[INFO] Application installed. Launch from drawer on Home Screen
